d:\buas\y4\dx12renderer\x64\debug\vc143.pdb
d:\buas\y4\dx12renderer\x64\debug\vc143.idb
d:\buas\y4\dx12renderer\x64\debug\window.obj
d:\buas\y4\dx12renderer\x64\debug\tutorial2.obj
d:\buas\y4\dx12renderer\x64\debug\main.obj
d:\buas\y4\dx12renderer\x64\debug\highresolutionclock.obj
d:\buas\y4\dx12renderer\x64\debug\game.obj
d:\buas\y4\dx12renderer\x64\debug\commandqueue.obj
d:\buas\y4\dx12renderer\x64\debug\application.obj
d:\buas\y4\dx12renderer\x64\debug\pixelshader.cso
d:\buas\y4\dx12renderer\x64\debug\vertexshader.cso
d:\buas\y4\dx12renderer\x64\debug\dx12renderer.pdb
d:\buas\y4\dx12renderer\x64\debug\dx12renderer.tlog\cl.command.1.tlog
d:\buas\y4\dx12renderer\x64\debug\dx12renderer.tlog\cl.read.1.tlog
d:\buas\y4\dx12renderer\x64\debug\dx12renderer.tlog\cl.write.1.tlog
d:\buas\y4\dx12renderer\x64\debug\dx12renderer.tlog\fxc.command.1.tlog
d:\buas\y4\dx12renderer\x64\debug\dx12renderer.tlog\fxc.read.1.tlog
d:\buas\y4\dx12renderer\x64\debug\dx12renderer.tlog\fxc.write.1.tlog
d:\buas\y4\dx12renderer\x64\debug\dx12renderer.tlog\link-cvtres.read.1.tlog
d:\buas\y4\dx12renderer\x64\debug\dx12renderer.tlog\link-cvtres.write.1.tlog
d:\buas\y4\dx12renderer\x64\debug\dx12renderer.tlog\link-rc.read.1.tlog
d:\buas\y4\dx12renderer\x64\debug\dx12renderer.tlog\link-rc.write.1.tlog
d:\buas\y4\dx12renderer\x64\debug\dx12renderer.tlog\link.command.1.tlog
d:\buas\y4\dx12renderer\x64\debug\dx12renderer.tlog\link.read.1.tlog
d:\buas\y4\dx12renderer\x64\debug\dx12renderer.tlog\link.read.2.tlog
d:\buas\y4\dx12renderer\x64\debug\dx12renderer.tlog\link.write.1.tlog
