  PipelineState.cpp
D:\Git\DX12Renderer\UploadBuffer.h(77,51): warning C4099: 'std::default_delete<UploadBuffer>': type name first seen using 'struct' now seen using 'class'
D:\Git\DX12Renderer\UploadBuffer.h(77,23): message : see declaration of 'std::default_delete<UploadBuffer>'
D:\Git\DX12Renderer\DX12Renderer\PipelineState.cpp(115,88): warning C4267: 'argument': conversion from 'size_t' to 'UINT', possible loss of data
  Tutorial2.cpp
D:\Git\DX12Renderer\UploadBuffer.h(77,51): warning C4099: 'std::default_delete<UploadBuffer>': type name first seen using 'struct' now seen using 'class'
D:\Git\DX12Renderer\UploadBuffer.h(77,23): message : see declaration of 'std::default_delete<UploadBuffer>'
D:\Git\DX12Renderer\DX12Renderer\Tutorial2.cpp(1129,150): warning C4244: 'argument': conversion from 'int' to 'float', possible loss of data
D:\Git\DX12Renderer\DX12Renderer\Tutorial2.cpp(1129,113): warning C4244: 'argument': conversion from 'int' to 'float', possible loss of data
D:\Git\DX12Renderer\DX12Renderer\Tutorial2.cpp(1129,77): warning C4244: 'argument': conversion from 'int32_t' to 'float', possible loss of data
D:\Git\DX12Renderer\DX12Renderer\Tutorial2.cpp(1129,56): warning C4244: 'argument': conversion from 'int32_t' to 'float', possible loss of data
  main.cpp
D:\Git\DX12Renderer\UploadBuffer.h(77,51): warning C4099: 'std::default_delete<UploadBuffer>': type name first seen using 'struct' now seen using 'class'
D:\Git\DX12Renderer\UploadBuffer.h(77,23): message : see declaration of 'std::default_delete<UploadBuffer>'
  PSOShadowMap.cpp
D:\Git\DX12Renderer\UploadBuffer.h(77,51): warning C4099: 'std::default_delete<UploadBuffer>': type name first seen using 'struct' now seen using 'class'
D:\Git\DX12Renderer\UploadBuffer.h(77,23): message : see declaration of 'std::default_delete<UploadBuffer>'
  PSOSkybox.cpp
D:\Git\DX12Renderer\UploadBuffer.h(77,51): warning C4099: 'std::default_delete<UploadBuffer>': type name first seen using 'struct' now seen using 'class'
D:\Git\DX12Renderer\UploadBuffer.h(77,23): message : see declaration of 'std::default_delete<UploadBuffer>'
  PSOTerrain.cpp
D:\Git\DX12Renderer\UploadBuffer.h(77,51): warning C4099: 'std::default_delete<UploadBuffer>': type name first seen using 'struct' now seen using 'class'
D:\Git\DX12Renderer\UploadBuffer.h(77,23): message : see declaration of 'std::default_delete<UploadBuffer>'
D:\Git\DX12Renderer\PSOTerrain.cpp(140,88): warning C4267: 'argument': conversion from 'size_t' to 'UINT', possible loss of data
  PSOTerrainShadowMap.cpp
D:\Git\DX12Renderer\UploadBuffer.h(77,51): warning C4099: 'std::default_delete<UploadBuffer>': type name first seen using 'struct' now seen using 'class'
D:\Git\DX12Renderer\UploadBuffer.h(77,23): message : see declaration of 'std::default_delete<UploadBuffer>'
D:\Git\DX12Renderer\PSOTerrainShadowMap.cpp(123,88): warning C4267: 'argument': conversion from 'size_t' to 'UINT', possible loss of data
D:\Git\DX12Renderer\PSOTerrainShadowMap.cpp(189,25): warning C4244: '=': conversion from 'float' to 'INT', possible loss of data
  TerrainChunk.cpp
  TerrainChunkManager.cpp
  Generating Code...
  DX12Renderer.vcxproj -> D:\Git\DX12Renderer\x64\Debug\DX12Renderer.exe
